2025-11-09 16:06:29,576 - INFO - ======================================================================
2025-11-09 16:06:29,576 - INFO - LOADING UNIVERSE - ALL TICKERS FROM ALL EXCHANGES
2025-11-09 16:06:29,576 - INFO - ======================================================================
2025-11-09 16:06:29,576 - INFO - 
2025-11-09 16:06:29,577 - INFO - EODHD API Client initialized
2025-11-09 16:06:29,627 - INFO - 
2025-11-09 16:06:31,867 - INFO -   Retrieved 49,513 symbols from API
2025-11-09 16:06:31,876 - ERROR - Database session error: Mapper 'Mapper[Asset(assets)]' has no property 'metadata'.  If this property was indicated from other mappers or configure events, ensure registry.configure() has been called.
2025-11-09 16:06:31,896 - ERROR - Database session error: One or more mappers failed to initialize - can't proceed with initialization of other mappers. Triggering mapper: 'Mapper[AssetMetadata(asset_metadata)]'. Original exception was: Mapper 'Mapper[Asset(assets)]' has no property 'metadata'.  If this property was indicated from other mappers or configure events, ensure registry.configure() has been called.
2025-11-09 16:06:34,336 - INFO -   Retrieved 6,208 symbols from API
2025-11-09 16:06:34,336 - ERROR - Database session error: One or more mappers failed to initialize - can't proceed with initialization of other mappers. Triggering mapper: 'Mapper[AssetMetadata(asset_metadata)]'. Original exception was: Mapper 'Mapper[Asset(assets)]' has no property 'metadata'.  If this property was indicated from other mappers or configure events, ensure registry.configure() has been called.
2025-11-09 16:06:34,340 - ERROR - Database session error: One or more mappers failed to initialize - can't proceed with initialization of other mappers. Triggering mapper: 'Mapper[AssetMetadata(asset_metadata)]'. Original exception was: Mapper 'Mapper[Asset(assets)]' has no property 'metadata'.  If this property was indicated from other mappers or configure events, ensure registry.configure() has been called.
2025-11-09 16:06:36,638 - INFO -   Retrieved 3,575 symbols from API
2025-11-09 16:06:36,639 - ERROR - Database session error: One or more mappers failed to initialize - can't proceed with initialization of other mappers. Triggering mapper: 'Mapper[AssetMetadata(asset_metadata)]'. Original exception was: Mapper 'Mapper[Asset(assets)]' has no property 'metadata'.  If this property was indicated from other mappers or configure events, ensure registry.configure() has been called.
2025-11-09 16:06:36,642 - ERROR - Database session error: One or more mappers failed to initialize - can't proceed with initialization of other mappers. Triggering mapper: 'Mapper[AssetMetadata(asset_metadata)]'. Original exception was: Mapper 'Mapper[Asset(assets)]' has no property 'metadata'.  If this property was indicated from other mappers or configure events, ensure registry.configure() has been called.
2025-11-09 16:06:38,938 - INFO -   Retrieved 3,685 symbols from API
2025-11-09 16:06:38,938 - ERROR - Database session error: One or more mappers failed to initialize - can't proceed with initialization of other mappers. Triggering mapper: 'Mapper[AssetMetadata(asset_metadata)]'. Original exception was: Mapper 'Mapper[Asset(assets)]' has no property 'metadata'.  If this property was indicated from other mappers or configure events, ensure registry.configure() has been called.
2025-11-09 16:06:38,942 - ERROR - Database session error: One or more mappers failed to initialize - can't proceed with initialization of other mappers. Triggering mapper: 'Mapper[AssetMetadata(asset_metadata)]'. Original exception was: Mapper 'Mapper[Asset(assets)]' has no property 'metadata'.  If this property was indicated from other mappers or configure events, ensure registry.configure() has been called.
2025-11-09 16:06:41,040 - ERROR - HTTP error on exchange-symbol-list/T: 404 Client Error: Not Found for url: https://eodhd.com/api/exchange-symbol-list/T?delisted=0&api_token=+6911009b164320.89580145&fmt=json
2025-11-09 16:06:41,044 - ERROR - Database session error: One or more mappers failed to initialize - can't proceed with initialization of other mappers. Triggering mapper: 'Mapper[AssetMetadata(asset_metadata)]'. Original exception was: Mapper 'Mapper[Asset(assets)]' has no property 'metadata'.  If this property was indicated from other mappers or configure events, ensure registry.configure() has been called.
2025-11-09 16:06:43,339 - INFO -   Retrieved 2,718 symbols from API
2025-11-09 16:06:43,340 - ERROR - Database session error: One or more mappers failed to initialize - can't proceed with initialization of other mappers. Triggering mapper: 'Mapper[AssetMetadata(asset_metadata)]'. Original exception was: Mapper 'Mapper[Asset(assets)]' has no property 'metadata'.  If this property was indicated from other mappers or configure events, ensure registry.configure() has been called.
2025-11-09 16:06:43,344 - ERROR - Database session error: One or more mappers failed to initialize - can't proceed with initialization of other mappers. Triggering mapper: 'Mapper[AssetMetadata(asset_metadata)]'. Original exception was: Mapper 'Mapper[Asset(assets)]' has no property 'metadata'.  If this property was indicated from other mappers or configure events, ensure registry.configure() has been called.
2025-11-09 16:06:45,350 - INFO - 
2025-11-09 16:06:45,351 - INFO - 
[1/43] V
2025-11-09 16:06:45,519 - INFO -   Retrieved 1,602 symbols from API
2025-11-09 16:06:45,519 - ERROR - Database session error: One or more mappers failed to initialize - can't proceed with initialization of other mappers. Triggering mapper: 'Mapper[AssetMetadata(asset_metadata)]'. Original exception was: Mapper 'Mapper[Asset(assets)]' has no property 'metadata'.  If this property was indicated from other mappers or configure events, ensure registry.configure() has been called.
2025-11-09 16:06:45,522 - ERROR - Database session error: One or more mappers failed to initialize - can't proceed with initialization of other mappers. Triggering mapper: 'Mapper[AssetMetadata(asset_metadata)]'. Original exception was: Mapper 'Mapper[Asset(assets)]' has no property 'metadata'.  If this property was indicated from other mappers or configure events, ensure registry.configure() has been called.
2025-11-09 16:06:47,537 - INFO - 
[2/43] CN
2025-11-09 16:06:47,657 - INFO -   Retrieved 602 symbols from API
2025-11-09 16:06:47,657 - ERROR - Database session error: One or more mappers failed to initialize - can't proceed with initialization of other mappers. Triggering mapper: 'Mapper[AssetMetadata(asset_metadata)]'. Original exception was: Mapper 'Mapper[Asset(assets)]' has no property 'metadata'.  If this property was indicated from other mappers or configure events, ensure registry.configure() has been called.
2025-11-09 16:06:47,661 - ERROR - Database session error: One or more mappers failed to initialize - can't proceed with initialization of other mappers. Triggering mapper: 'Mapper[AssetMetadata(asset_metadata)]'. Original exception was: Mapper 'Mapper[Asset(assets)]' has no property 'metadata'.  If this property was indicated from other mappers or configure events, ensure registry.configure() has been called.
2025-11-09 16:06:49,663 - INFO - 
[3/43] MX
2025-11-09 16:06:49,815 - INFO -   Retrieved 622 symbols from API
2025-11-09 16:06:49,815 - ERROR - Database session error: One or more mappers failed to initialize - can't proceed with initialization of other mappers. Triggering mapper: 'Mapper[AssetMetadata(asset_metadata)]'. Original exception was: Mapper 'Mapper[Asset(assets)]' has no property 'metadata'.  If this property was indicated from other mappers or configure events, ensure registry.configure() has been called.
2025-11-09 16:06:49,819 - ERROR - Database session error: One or more mappers failed to initialize - can't proceed with initialization of other mappers. Triggering mapper: 'Mapper[AssetMetadata(asset_metadata)]'. Original exception was: Mapper 'Mapper[Asset(assets)]' has no property 'metadata'.  If this property was indicated from other mappers or configure events, ensure registry.configure() has been called.
2025-11-09 16:06:51,829 - INFO - 
[4/43] PA
2025-11-09 16:06:52,036 - INFO -   Retrieved 1,207 symbols from API
2025-11-09 16:06:52,037 - ERROR - Database session error: One or more mappers failed to initialize - can't proceed with initialization of other mappers. Triggering mapper: 'Mapper[AssetMetadata(asset_metadata)]'. Original exception was: Mapper 'Mapper[Asset(assets)]' has no property 'metadata'.  If this property was indicated from other mappers or configure events, ensure registry.configure() has been called.
2025-11-09 16:06:52,040 - ERROR - Database session error: One or more mappers failed to initialize - can't proceed with initialization of other mappers. Triggering mapper: 'Mapper[AssetMetadata(asset_metadata)]'. Original exception was: Mapper 'Mapper[Asset(assets)]' has no property 'metadata'.  If this property was indicated from other mappers or configure events, ensure registry.configure() has been called.
2025-11-09 16:06:54,044 - INFO - 
[5/43] AS
2025-11-09 16:06:54,218 - INFO -   Retrieved 474 symbols from API
2025-11-09 16:06:54,219 - ERROR - Database session error: One or more mappers failed to initialize - can't proceed with initialization of other mappers. Triggering mapper: 'Mapper[AssetMetadata(asset_metadata)]'. Original exception was: Mapper 'Mapper[Asset(assets)]' has no property 'metadata'.  If this property was indicated from other mappers or configure events, ensure registry.configure() has been called.
2025-11-09 16:06:54,222 - ERROR - Database session error: One or more mappers failed to initialize - can't proceed with initialization of other mappers. Triggering mapper: 'Mapper[AssetMetadata(asset_metadata)]'. Original exception was: Mapper 'Mapper[Asset(assets)]' has no property 'metadata'.  If this property was indicated from other mappers or configure events, ensure registry.configure() has been called.
2025-11-09 16:06:56,229 - INFO - 
[6/43] BR
2025-11-09 16:06:56,315 - INFO -   Retrieved 121 symbols from API
2025-11-09 16:06:56,315 - ERROR - Database session error: One or more mappers failed to initialize - can't proceed with initialization of other mappers. Triggering mapper: 'Mapper[AssetMetadata(asset_metadata)]'. Original exception was: Mapper 'Mapper[Asset(assets)]' has no property 'metadata'.  If this property was indicated from other mappers or configure events, ensure registry.configure() has been called.
2025-11-09 16:06:56,319 - ERROR - Database session error: One or more mappers failed to initialize - can't proceed with initialization of other mappers. Triggering mapper: 'Mapper[AssetMetadata(asset_metadata)]'. Original exception was: Mapper 'Mapper[Asset(assets)]' has no property 'metadata'.  If this property was indicated from other mappers or configure events, ensure registry.configure() has been called.
2025-11-09 16:06:58,330 - INFO - 
[7/43] OSLO
2025-11-09 16:06:58,445 - ERROR - HTTP error on exchange-symbol-list/OSLO: 404 Client Error: Not Found for url: https://eodhd.com/api/exchange-symbol-list/OSLO?delisted=0&api_token=+6911009b164320.89580145&fmt=json
2025-11-09 16:06:58,453 - ERROR - Database session error: One or more mappers failed to initialize - can't proceed with initialization of other mappers. Triggering mapper: 'Mapper[AssetMetadata(asset_metadata)]'. Original exception was: Mapper 'Mapper[Asset(assets)]' has no property 'metadata'.  If this property was indicated from other mappers or configure events, ensure registry.configure() has been called.
2025-11-09 16:07:00,465 - INFO - 
[8/43] ST
2025-11-09 16:07:00,634 - INFO -   Retrieved 854 symbols from API
2025-11-09 16:07:00,634 - ERROR - Database session error: One or more mappers failed to initialize - can't proceed with initialization of other mappers. Triggering mapper: 'Mapper[AssetMetadata(asset_metadata)]'. Original exception was: Mapper 'Mapper[Asset(assets)]' has no property 'metadata'.  If this property was indicated from other mappers or configure events, ensure registry.configure() has been called.
2025-11-09 16:07:00,639 - ERROR - Database session error: One or more mappers failed to initialize - can't proceed with initialization of other mappers. Triggering mapper: 'Mapper[AssetMetadata(asset_metadata)]'. Original exception was: Mapper 'Mapper[Asset(assets)]' has no property 'metadata'.  If this property was indicated from other mappers or configure events, ensure registry.configure() has been called.
2025-11-09 16:07:02,644 - INFO - 
[9/43] CO
2025-11-09 16:07:02,789 - INFO -   Retrieved 553 symbols from API
2025-11-09 16:07:02,790 - ERROR - Database session error: One or more mappers failed to initialize - can't proceed with initialization of other mappers. Triggering mapper: 'Mapper[AssetMetadata(asset_metadata)]'. Original exception was: Mapper 'Mapper[Asset(assets)]' has no property 'metadata'.  If this property was indicated from other mappers or configure events, ensure registry.configure() has been called.
2025-11-09 16:07:02,794 - ERROR - Database session error: One or more mappers failed to initialize - can't proceed with initialization of other mappers. Triggering mapper: 'Mapper[AssetMetadata(asset_metadata)]'. Original exception was: Mapper 'Mapper[Asset(assets)]' has no property 'metadata'.  If this property was indicated from other mappers or configure events, ensure registry.configure() has been called.
2025-11-09 16:07:04,796 - INFO - 
[10/43] HE
2025-11-09 16:07:04,974 - INFO -   Retrieved 192 symbols from API
2025-11-09 16:07:04,975 - ERROR - Database session error: One or more mappers failed to initialize - can't proceed with initialization of other mappers. Triggering mapper: 'Mapper[AssetMetadata(asset_metadata)]'. Original exception was: Mapper 'Mapper[Asset(assets)]' has no property 'metadata'.  If this property was indicated from other mappers or configure events, ensure registry.configure() has been called.
2025-11-09 16:07:04,978 - ERROR - Database session error: One or more mappers failed to initialize - can't proceed with initialization of other mappers. Triggering mapper: 'Mapper[AssetMetadata(asset_metadata)]'. Original exception was: Mapper 'Mapper[Asset(assets)]' has no property 'metadata'.  If this property was indicated from other mappers or configure events, ensure registry.configure() has been called.
2025-11-09 16:07:06,980 - INFO - 
[11/43] MI
2025-11-09 16:07:07,111 - ERROR - HTTP error on exchange-symbol-list/MI: 404 Client Error: Not Found for url: https://eodhd.com/api/exchange-symbol-list/MI?delisted=0&api_token=+6911009b164320.89580145&fmt=json
2025-11-09 16:07:07,114 - ERROR - Database session error: One or more mappers failed to initialize - can't proceed with initialization of other mappers. Triggering mapper: 'Mapper[AssetMetadata(asset_metadata)]'. Original exception was: Mapper 'Mapper[Asset(assets)]' has no property 'metadata'.  If this property was indicated from other mappers or configure events, ensure registry.configure() has been called.
2025-11-09 16:07:09,120 - INFO - 
[12/43] MC
2025-11-09 16:07:09,235 - INFO -   Retrieved 283 symbols from API
2025-11-09 16:07:09,235 - ERROR - Database session error: One or more mappers failed to initialize - can't proceed with initialization of other mappers. Triggering mapper: 'Mapper[AssetMetadata(asset_metadata)]'. Original exception was: Mapper 'Mapper[Asset(assets)]' has no property 'metadata'.  If this property was indicated from other mappers or configure events, ensure registry.configure() has been called.
2025-11-09 16:07:09,239 - ERROR - Database session error: One or more mappers failed to initialize - can't proceed with initialization of other mappers. Triggering mapper: 'Mapper[AssetMetadata(asset_metadata)]'. Original exception was: Mapper 'Mapper[Asset(assets)]' has no property 'metadata'.  If this property was indicated from other mappers or configure events, ensure registry.configure() has been called.
2025-11-09 16:07:11,241 - INFO - 
[13/43] LS
2025-11-09 16:07:11,357 - INFO -   Retrieved 39 symbols from API
2025-11-09 16:07:11,357 - ERROR - Database session error: One or more mappers failed to initialize - can't proceed with initialization of other mappers. Triggering mapper: 'Mapper[AssetMetadata(asset_metadata)]'. Original exception was: Mapper 'Mapper[Asset(assets)]' has no property 'metadata'.  If this property was indicated from other mappers or configure events, ensure registry.configure() has been called.
2025-11-09 16:07:11,361 - ERROR - Database session error: One or more mappers failed to initialize - can't proceed with initialization of other mappers. Triggering mapper: 'Mapper[AssetMetadata(asset_metadata)]'. Original exception was: Mapper 'Mapper[Asset(assets)]' has no property 'metadata'.  If this property was indicated from other mappers or configure events, ensure registry.configure() has been called.
2025-11-09 16:07:13,373 - INFO - 
[14/43] VI
2025-11-09 16:07:13,462 - INFO -   Retrieved 82 symbols from API
2025-11-09 16:07:13,462 - ERROR - Database session error: One or more mappers failed to initialize - can't proceed with initialization of other mappers. Triggering mapper: 'Mapper[AssetMetadata(asset_metadata)]'. Original exception was: Mapper 'Mapper[Asset(assets)]' has no property 'metadata'.  If this property was indicated from other mappers or configure events, ensure registry.configure() has been called.
2025-11-09 16:07:13,465 - ERROR - Database session error: One or more mappers failed to initialize - can't proceed with initialization of other mappers. Triggering mapper: 'Mapper[AssetMetadata(asset_metadata)]'. Original exception was: Mapper 'Mapper[Asset(assets)]' has no property 'metadata'.  If this property was indicated from other mappers or configure events, ensure registry.configure() has been called.
2025-11-09 16:07:15,471 - INFO - 
[15/43] WAR
2025-11-09 16:07:15,601 - INFO -   Retrieved 606 symbols from API
2025-11-09 16:07:15,601 - ERROR - Database session error: One or more mappers failed to initialize - can't proceed with initialization of other mappers. Triggering mapper: 'Mapper[AssetMetadata(asset_metadata)]'. Original exception was: Mapper 'Mapper[Asset(assets)]' has no property 'metadata'.  If this property was indicated from other mappers or configure events, ensure registry.configure() has been called.
2025-11-09 16:07:15,605 - ERROR - Database session error: One or more mappers failed to initialize - can't proceed with initialization of other mappers. Triggering mapper: 'Mapper[AssetMetadata(asset_metadata)]'. Original exception was: Mapper 'Mapper[Asset(assets)]' has no property 'metadata'.  If this property was indicated from other mappers or configure events, ensure registry.configure() has been called.
2025-11-09 16:07:17,619 - INFO - 
[16/43] PRAGUE
2025-11-09 16:07:17,756 - ERROR - HTTP error on exchange-symbol-list/PRAGUE: 404 Client Error: Not Found for url: https://eodhd.com/api/exchange-symbol-list/PRAGUE?delisted=0&api_token=+6911009b164320.89580145&fmt=json
2025-11-09 16:07:17,763 - ERROR - Database session error: One or more mappers failed to initialize - can't proceed with initialization of other mappers. Triggering mapper: 'Mapper[AssetMetadata(asset_metadata)]'. Original exception was: Mapper 'Mapper[Asset(assets)]' has no property 'metadata'.  If this property was indicated from other mappers or configure events, ensure registry.configure() has been called.
2025-11-09 16:07:19,772 - INFO - 
[17/43] BUDAPEST
2025-11-09 16:07:19,864 - ERROR - HTTP error on exchange-symbol-list/BUDAPEST: 404 Client Error: Not Found for url: https://eodhd.com/api/exchange-symbol-list/BUDAPEST?delisted=0&api_token=+6911009b164320.89580145&fmt=json
2025-11-09 16:07:19,868 - ERROR - Database session error: One or more mappers failed to initialize - can't proceed with initialization of other mappers. Triggering mapper: 'Mapper[AssetMetadata(asset_metadata)]'. Original exception was: Mapper 'Mapper[Asset(assets)]' has no property 'metadata'.  If this property was indicated from other mappers or configure events, ensure registry.configure() has been called.
2025-11-09 16:07:21,876 - INFO - 
[18/43] ATHENS
2025-11-09 16:07:21,976 - ERROR - HTTP error on exchange-symbol-list/ATHENS: 404 Client Error: Not Found for url: https://eodhd.com/api/exchange-symbol-list/ATHENS?delisted=0&api_token=+6911009b164320.89580145&fmt=json
2025-11-09 16:07:21,979 - ERROR - Database session error: One or more mappers failed to initialize - can't proceed with initialization of other mappers. Triggering mapper: 'Mapper[AssetMetadata(asset_metadata)]'. Original exception was: Mapper 'Mapper[Asset(assets)]' has no property 'metadata'.  If this property was indicated from other mappers or configure events, ensure registry.configure() has been called.
2025-11-09 16:07:23,993 - INFO - 
[19/43] IST
2025-11-09 16:07:24,081 - ERROR - HTTP error on exchange-symbol-list/IST: 404 Client Error: Not Found for url: https://eodhd.com/api/exchange-symbol-list/IST?delisted=0&api_token=+6911009b164320.89580145&fmt=json
2025-11-09 16:07:24,092 - ERROR - Database session error: One or more mappers failed to initialize - can't proceed with initialization of other mappers. Triggering mapper: 'Mapper[AssetMetadata(asset_metadata)]'. Original exception was: Mapper 'Mapper[Asset(assets)]' has no property 'metadata'.  If this property was indicated from other mappers or configure events, ensure registry.configure() has been called.
2025-11-09 16:07:26,099 - INFO - 
[20/43] SIX
2025-11-09 16:07:26,197 - ERROR - HTTP error on exchange-symbol-list/SIX: 404 Client Error: Not Found for url: https://eodhd.com/api/exchange-symbol-list/SIX?delisted=0&api_token=+6911009b164320.89580145&fmt=json
2025-11-09 16:07:26,199 - ERROR - Database session error: One or more mappers failed to initialize - can't proceed with initialization of other mappers. Triggering mapper: 'Mapper[AssetMetadata(asset_metadata)]'. Original exception was: Mapper 'Mapper[Asset(assets)]' has no property 'metadata'.  If this property was indicated from other mappers or configure events, ensure registry.configure() has been called.
2025-11-09 16:07:28,214 - INFO - 
[21/43] SS
2025-11-09 16:07:28,333 - ERROR - HTTP error on exchange-symbol-list/SS: 404 Client Error: Not Found for url: https://eodhd.com/api/exchange-symbol-list/SS?delisted=0&api_token=+6911009b164320.89580145&fmt=json
2025-11-09 16:07:28,336 - ERROR - Database session error: One or more mappers failed to initialize - can't proceed with initialization of other mappers. Triggering mapper: 'Mapper[AssetMetadata(asset_metadata)]'. Original exception was: Mapper 'Mapper[Asset(assets)]' has no property 'metadata'.  If this property was indicated from other mappers or configure events, ensure registry.configure() has been called.
2025-11-09 16:07:30,348 - INFO - 
[22/43] SZ
2025-11-09 16:07:30,449 - ERROR - HTTP error on exchange-symbol-list/SZ: 404 Client Error: Not Found for url: https://eodhd.com/api/exchange-symbol-list/SZ?delisted=0&api_token=+6911009b164320.89580145&fmt=json
2025-11-09 16:07:30,456 - ERROR - Database session error: One or more mappers failed to initialize - can't proceed with initialization of other mappers. Triggering mapper: 'Mapper[AssetMetadata(asset_metadata)]'. Original exception was: Mapper 'Mapper[Asset(assets)]' has no property 'metadata'.  If this property was indicated from other mappers or configure events, ensure registry.configure() has been called.
2025-11-09 16:07:32,465 - INFO - 
[23/43] NSE
2025-11-09 16:07:32,723 - INFO -   Retrieved 2,672 symbols from API
2025-11-09 16:07:32,723 - ERROR - Database session error: One or more mappers failed to initialize - can't proceed with initialization of other mappers. Triggering mapper: 'Mapper[AssetMetadata(asset_metadata)]'. Original exception was: Mapper 'Mapper[Asset(assets)]' has no property 'metadata'.  If this property was indicated from other mappers or configure events, ensure registry.configure() has been called.
2025-11-09 16:07:32,726 - ERROR - Database session error: One or more mappers failed to initialize - can't proceed with initialization of other mappers. Triggering mapper: 'Mapper[AssetMetadata(asset_metadata)]'. Original exception was: Mapper 'Mapper[Asset(assets)]' has no property 'metadata'.  If this property was indicated from other mappers or configure events, ensure registry.configure() has been called.
2025-11-09 16:07:34,729 - INFO - 
[24/43] BSE
2025-11-09 16:07:34,804 - ERROR - HTTP error on exchange-symbol-list/BSE: 404 Client Error: Not Found for url: https://eodhd.com/api/exchange-symbol-list/BSE?delisted=0&api_token=+6911009b164320.89580145&fmt=json
2025-11-09 16:07:34,806 - ERROR - Database session error: One or more mappers failed to initialize - can't proceed with initialization of other mappers. Triggering mapper: 'Mapper[AssetMetadata(asset_metadata)]'. Original exception was: Mapper 'Mapper[Asset(assets)]' has no property 'metadata'.  If this property was indicated from other mappers or configure events, ensure registry.configure() has been called.
2025-11-09 16:07:36,819 - INFO - 
[25/43] KRX
2025-11-09 16:07:36,930 - ERROR - HTTP error on exchange-symbol-list/KRX: 404 Client Error: Not Found for url: https://eodhd.com/api/exchange-symbol-list/KRX?delisted=0&api_token=+6911009b164320.89580145&fmt=json
2025-11-09 16:07:36,932 - ERROR - Database session error: One or more mappers failed to initialize - can't proceed with initialization of other mappers. Triggering mapper: 'Mapper[AssetMetadata(asset_metadata)]'. Original exception was: Mapper 'Mapper[Asset(assets)]' has no property 'metadata'.  If this property was indicated from other mappers or configure events, ensure registry.configure() has been called.
2025-11-09 16:07:38,943 - INFO - 
[26/43] TW
2025-11-09 16:07:39,110 - INFO -   Retrieved 1,190 symbols from API
2025-11-09 16:07:39,111 - ERROR - Database session error: One or more mappers failed to initialize - can't proceed with initialization of other mappers. Triggering mapper: 'Mapper[AssetMetadata(asset_metadata)]'. Original exception was: Mapper 'Mapper[Asset(assets)]' has no property 'metadata'.  If this property was indicated from other mappers or configure events, ensure registry.configure() has been called.
2025-11-09 16:07:39,115 - ERROR - Database session error: One or more mappers failed to initialize - can't proceed with initialization of other mappers. Triggering mapper: 'Mapper[AssetMetadata(asset_metadata)]'. Original exception was: Mapper 'Mapper[Asset(assets)]' has no property 'metadata'.  If this property was indicated from other mappers or configure events, ensure registry.configure() has been called.
2025-11-09 16:07:41,122 - INFO - 
[27/43] SG
2025-11-09 16:07:41,205 - ERROR - HTTP error on exchange-symbol-list/SG: 404 Client Error: Not Found for url: https://eodhd.com/api/exchange-symbol-list/SG?delisted=0&api_token=+6911009b164320.89580145&fmt=json
2025-11-09 16:07:41,216 - ERROR - Database session error: One or more mappers failed to initialize - can't proceed with initialization of other mappers. Triggering mapper: 'Mapper[AssetMetadata(asset_metadata)]'. Original exception was: Mapper 'Mapper[Asset(assets)]' has no property 'metadata'.  If this property was indicated from other mappers or configure events, ensure registry.configure() has been called.
2025-11-09 16:07:43,230 - INFO - 
[28/43] KLSE
2025-11-09 16:07:43,381 - INFO -   Retrieved 1,031 symbols from API
2025-11-09 16:07:43,382 - ERROR - Database session error: One or more mappers failed to initialize - can't proceed with initialization of other mappers. Triggering mapper: 'Mapper[AssetMetadata(asset_metadata)]'. Original exception was: Mapper 'Mapper[Asset(assets)]' has no property 'metadata'.  If this property was indicated from other mappers or configure events, ensure registry.configure() has been called.
2025-11-09 16:07:43,384 - ERROR - Database session error: One or more mappers failed to initialize - can't proceed with initialization of other mappers. Triggering mapper: 'Mapper[AssetMetadata(asset_metadata)]'. Original exception was: Mapper 'Mapper[Asset(assets)]' has no property 'metadata'.  If this property was indicated from other mappers or configure events, ensure registry.configure() has been called.
2025-11-09 16:07:45,399 - INFO - 
[29/43] SET
2025-11-09 16:07:45,513 - ERROR - HTTP error on exchange-symbol-list/SET: 404 Client Error: Not Found for url: https://eodhd.com/api/exchange-symbol-list/SET?delisted=0&api_token=+6911009b164320.89580145&fmt=json
2025-11-09 16:07:45,515 - ERROR - Database session error: One or more mappers failed to initialize - can't proceed with initialization of other mappers. Triggering mapper: 'Mapper[AssetMetadata(asset_metadata)]'. Original exception was: Mapper 'Mapper[Asset(assets)]' has no property 'metadata'.  If this property was indicated from other mappers or configure events, ensure registry.configure() has been called.
2025-11-09 16:07:47,520 - INFO - 
[30/43] JK
2025-11-09 16:07:47,682 - INFO -   Retrieved 942 symbols from API
2025-11-09 16:07:47,682 - ERROR - Database session error: One or more mappers failed to initialize - can't proceed with initialization of other mappers. Triggering mapper: 'Mapper[AssetMetadata(asset_metadata)]'. Original exception was: Mapper 'Mapper[Asset(assets)]' has no property 'metadata'.  If this property was indicated from other mappers or configure events, ensure registry.configure() has been called.
2025-11-09 16:07:47,686 - ERROR - Database session error: One or more mappers failed to initialize - can't proceed with initialization of other mappers. Triggering mapper: 'Mapper[AssetMetadata(asset_metadata)]'. Original exception was: Mapper 'Mapper[Asset(assets)]' has no property 'metadata'.  If this property was indicated from other mappers or configure events, ensure registry.configure() has been called.
2025-11-09 16:07:49,694 - INFO - 
[31/43] PSE
2025-11-09 16:07:49,805 - INFO -   Retrieved 268 symbols from API
2025-11-09 16:07:49,805 - ERROR - Database session error: One or more mappers failed to initialize - can't proceed with initialization of other mappers. Triggering mapper: 'Mapper[AssetMetadata(asset_metadata)]'. Original exception was: Mapper 'Mapper[Asset(assets)]' has no property 'metadata'.  If this property was indicated from other mappers or configure events, ensure registry.configure() has been called.
2025-11-09 16:07:49,810 - ERROR - Database session error: One or more mappers failed to initialize - can't proceed with initialization of other mappers. Triggering mapper: 'Mapper[AssetMetadata(asset_metadata)]'. Original exception was: Mapper 'Mapper[Asset(assets)]' has no property 'metadata'.  If this property was indicated from other mappers or configure events, ensure registry.configure() has been called.
2025-11-09 16:07:51,811 - INFO - 
[32/43] NZ
2025-11-09 16:07:51,945 - ERROR - HTTP error on exchange-symbol-list/NZ: 404 Client Error: Not Found for url: https://eodhd.com/api/exchange-symbol-list/NZ?delisted=0&api_token=+6911009b164320.89580145&fmt=json
2025-11-09 16:07:51,956 - ERROR - Database session error: One or more mappers failed to initialize - can't proceed with initialization of other mappers. Triggering mapper: 'Mapper[AssetMetadata(asset_metadata)]'. Original exception was: Mapper 'Mapper[Asset(assets)]' has no property 'metadata'.  If this property was indicated from other mappers or configure events, ensure registry.configure() has been called.
2025-11-09 16:07:53,964 - INFO - 
[33/43] AU
2025-11-09 16:07:54,221 - INFO -   Retrieved 2,327 symbols from API
2025-11-09 16:07:54,221 - ERROR - Database session error: One or more mappers failed to initialize - can't proceed with initialization of other mappers. Triggering mapper: 'Mapper[AssetMetadata(asset_metadata)]'. Original exception was: Mapper 'Mapper[Asset(assets)]' has no property 'metadata'.  If this property was indicated from other mappers or configure events, ensure registry.configure() has been called.
2025-11-09 16:07:54,224 - ERROR - Database session error: One or more mappers failed to initialize - can't proceed with initialization of other mappers. Triggering mapper: 'Mapper[AssetMetadata(asset_metadata)]'. Original exception was: Mapper 'Mapper[Asset(assets)]' has no property 'metadata'.  If this property was indicated from other mappers or configure events, ensure registry.configure() has been called.
